1498132472459	geckodriver	INFO	Listening on 127.0.0.1:64522
1498132472537	geckodriver::marionette	INFO	Starting browser /Applications/Firefox.app/Contents/MacOS/firefox-bin with args ["-marionette"]
1498132474724	Marionette	INFO	Listening on port 64526
1498132474800	Marionette	WARN	TLS certificate errors will be ignored for this session
1498132475075	Marionette	DEBUG	loaded listener.js
1498132475114	Marionette	DEBUG	Received DOM event "beforeunload" for "about:blank"
1498132475170	Marionette	DEBUG	Received DOM event "pagehide" for "about:blank"
1498132475170	Marionette	DEBUG	Received DOM event "unload" for "about:blank"
1498132475178	Marionette	DEBUG	Received DOM event "DOMContentLoaded" for "http://localhost:8000/"
1498132475221	Marionette	DEBUG	Received DOM event "pageshow" for "http://localhost:8000/"
2017-06-22 19:54:35.311 plugin-container[73938:3073835] *** CFMessagePort: bootstrap_register(): failed 1100 (0x44c) 'Permission denied', port = 0x8b3f, name = 'com.apple.tsm.portname'
See /usr/include/servers/bootstrap_defs.h for the error codes.
2017-06-22 19:54:35.321 plugin-container[73938:3073835] *** CFMessagePort: bootstrap_register(): failed 1100 (0x44c) 'Permission denied', port = 0x920f, name = 'com.apple.CFPasteboardClient'
See /usr/include/servers/bootstrap_defs.h for the error codes.
2017-06-22 19:54:35.322 plugin-container[73938:3073835] void __CFPasteboardSetup() : Failed to allocate communication port for com.apple.CFPasteboardClient; this is likely due to sandbox restrictions
*************************
A coding exception was thrown and uncaught in a Task.

Full message: TypeError: NetworkError when attempting to fetch resource.
Full stack: 
*************************
1498133969142	geckodriver	INFO	Listening on 127.0.0.1:64697
1498133969225	geckodriver::marionette	INFO	Starting browser /Applications/Firefox.app/Contents/MacOS/firefox-bin with args ["-marionette"]
1498133971331	Marionette	INFO	Listening on port 64701
1498133971406	Marionette	WARN	TLS certificate errors will be ignored for this session
1498133971698	Marionette	DEBUG	loaded listener.js
1498133971750	Marionette	DEBUG	Received DOM event "beforeunload" for "about:blank"
1498133971826	Marionette	DEBUG	Received DOM event "pagehide" for "about:blank"
1498133971827	Marionette	DEBUG	Received DOM event "unload" for "about:blank"
1498133971840	Marionette	DEBUG	Received DOM event "DOMContentLoaded" for "http://localhost:8000/"
1498133971882	Marionette	DEBUG	Received DOM event "pageshow" for "http://localhost:8000/"
1498133971973	Marionette	INFO	New connections will no longer be accepted
2017-06-22 20:19:31.974 plugin-container[97428:3104575] *** CFMessagePort: bootstrap_register(): failed 1100 (0x44c) 'Permission denied', port = 0x8c3f, name = 'com.apple.tsm.portname'
See /usr/include/servers/bootstrap_defs.h for the error codes.
2017-06-22 20:19:31.978 plugin-container[97428:3104575] *** CFMessagePort: bootstrap_register(): failed 1100 (0x44c) 'Permission denied', port = 0x4c07, name = 'com.apple.CFPasteboardClient'
See /usr/include/servers/bootstrap_defs.h for the error codes.
2017-06-22 20:19:31.978 plugin-container[97428:3104575] void __CFPasteboardSetup() : Failed to allocate communication port for com.apple.CFPasteboardClient; this is likely due to sandbox restrictions
[GFX1-]: Receive IPC close with reason=AbnormalShutdown
[Child 97428] WARNING: pipe error: Broken pipe: file /builds/slave/m-rel-m64-00000000000000000000/build/src/ipc/chromium/src/chrome/common/ipc_channel_posix.cc, line 702
1498134033115	geckodriver	INFO	Listening on 127.0.0.1:64759
1498134033175	geckodriver::marionette	INFO	Starting browser /Applications/Firefox.app/Contents/MacOS/firefox-bin with args ["-marionette"]
1498134035230	Marionette	INFO	Listening on port 64763
1498134035314	Marionette	WARN	TLS certificate errors will be ignored for this session
1498134035613	Marionette	DEBUG	loaded listener.js
1498134035657	Marionette	DEBUG	Received DOM event "beforeunload" for "about:blank"
1498134035723	Marionette	DEBUG	Received DOM event "pagehide" for "about:blank"
1498134035724	Marionette	DEBUG	Received DOM event "unload" for "about:blank"
1498134035740	Marionette	DEBUG	Received DOM event "DOMContentLoaded" for "http://localhost:8000/"
1498134035773	Marionette	DEBUG	Received DOM event "pageshow" for "http://localhost:8000/"
2017-06-22 20:20:35.865 plugin-container[98515:3106587] *** CFMessagePort: bootstrap_register(): failed 1100 (0x44c) 'Permission denied', port = 0x8b3b, name = 'com.apple.tsm.portname'
See /usr/include/servers/bootstrap_defs.h for the error codes.
2017-06-22 20:20:35.870 plugin-container[98515:3106587] *** CFMessagePort: bootstrap_register(): failed 1100 (0x44c) 'Permission denied', port = 0x4e07, name = 'com.apple.CFPasteboardClient'
See /usr/include/servers/bootstrap_defs.h for the error codes.
2017-06-22 20:20:35.870 plugin-container[98515:3106587] void __CFPasteboardSetup() : Failed to allocate communication port for com.apple.CFPasteboardClient; this is likely due to sandbox restrictions
1498134035935	Marionette	INFO	New connections will no longer be accepted
[GFX1-]: Receive IPC close with reason=AbnormalShutdown
[Child 98515] WARNING: pipe error: Broken pipe: file /builds/slave/m-rel-m64-00000000000000000000/build/src/ipc/chromium/src/chrome/common/ipc_channel_posix.cc, line 702
1498134084455	geckodriver	INFO	Listening on 127.0.0.1:64818
1498134084519	geckodriver::marionette	INFO	Starting browser /Applications/Firefox.app/Contents/MacOS/firefox-bin with args ["-marionette"]
1498134086539	Marionette	INFO	Listening on port 64822
1498134086648	Marionette	WARN	TLS certificate errors will be ignored for this session
1498134086935	Marionette	DEBUG	loaded listener.js
1498134086982	Marionette	DEBUG	Received DOM event "beforeunload" for "about:blank"
1498134087055	Marionette	DEBUG	Received DOM event "pagehide" for "about:blank"
1498134087055	Marionette	DEBUG	Received DOM event "unload" for "about:blank"
1498134087096	Marionette	DEBUG	Received DOM event "DOMContentLoaded" for "http://localhost:8000/"
1498134087101	Marionette	DEBUG	Received DOM event "pageshow" for "http://localhost:8000/"
2017-06-22 20:21:27.181 plugin-container[99301:3108219] *** CFMessagePort: bootstrap_register(): failed 1100 (0x44c) 'Permission denied', port = 0x8e33, name = 'com.apple.tsm.portname'
See /usr/include/servers/bootstrap_defs.h for the error codes.
2017-06-22 20:21:27.184 plugin-container[99301:3108219] *** CFMessagePort: bootstrap_register(): failed 1100 (0x44c) 'Permission denied', port = 0x4e07, name = 'com.apple.CFPasteboardClient'
See /usr/include/servers/bootstrap_defs.h for the error codes.
2017-06-22 20:21:27.184 plugin-container[99301:3108219] void __CFPasteboardSetup() : Failed to allocate communication port for com.apple.CFPasteboardClient; this is likely due to sandbox restrictions
1498134087258	Marionette	INFO	New connections will no longer be accepted
1498134413206	geckodriver	INFO	Listening on 127.0.0.1:64885
1498134413283	geckodriver::marionette	INFO	Starting browser /Applications/Firefox.app/Contents/MacOS/firefox-bin with args ["-marionette"]
1498134415210	Marionette	INFO	Listening on port 64889
1498134415310	Marionette	WARN	TLS certificate errors will be ignored for this session
1498134415552	Marionette	DEBUG	loaded listener.js
1498134415592	Marionette	DEBUG	Received DOM event "beforeunload" for "about:blank"
1498134415636	Marionette	DEBUG	Received DOM event "pagehide" for "about:blank"
1498134415636	Marionette	DEBUG	Received DOM event "unload" for "about:blank"
1498134415646	Marionette	DEBUG	Received DOM event "DOMContentLoaded" for "http://localhost:8000/"
1498134415683	Marionette	DEBUG	Received DOM event "pageshow" for "http://localhost:8000/"
2017-06-22 20:26:55.775 plugin-container[4329:3115106] *** CFMessagePort: bootstrap_register(): failed 1100 (0x44c) 'Permission denied', port = 0x8d3f, name = 'com.apple.tsm.portname'
See /usr/include/servers/bootstrap_defs.h for the error codes.
2017-06-22 20:26:55.783 plugin-container[4329:3115106] *** CFMessagePort: bootstrap_register(): failed 1100 (0x44c) 'Permission denied', port = 0x4f07, name = 'com.apple.CFPasteboardClient'
See /usr/include/servers/bootstrap_defs.h for the error codes.
2017-06-22 20:26:55.784 plugin-container[4329:3115106] void __CFPasteboardSetup() : Failed to allocate communication port for com.apple.CFPasteboardClient; this is likely due to sandbox restrictions
1498134415868	Marionette	INFO	New connections will no longer be accepted
[GFX1-]: Receive IPC close with reason=AbnormalShutdown
*************************
A coding exception was thrown and uncaught in a Task.

Full message: TypeError: NetworkError when attempting to fetch resource.
Full stack: 
*************************
1498221793460	geckodriver	INFO	Listening on 127.0.0.1:50664
1498221793776	geckodriver::marionette	INFO	Starting browser /Applications/Firefox.app/Contents/MacOS/firefox-bin with args ["-marionette"]
1498221796053	Marionette	INFO	Listening on port 50668
1498221796133	Marionette	WARN	TLS certificate errors will be ignored for this session
1498221796489	Marionette	DEBUG	loaded listener.js
1498221796539	Marionette	DEBUG	Received DOM event "beforeunload" for "about:blank"
2017-06-23 20:43:16.642 plugin-container[97505:3425020] *** CFMessagePort: bootstrap_register(): failed 1100 (0x44c) 'Permission denied', port = 0x8a3f, name = 'com.apple.tsm.portname'
See /usr/include/servers/bootstrap_defs.h for the error codes.
2017-06-23 20:43:16.646 plugin-container[97505:3425020] *** CFMessagePort: bootstrap_register(): failed 1100 (0x44c) 'Permission denied', port = 0x8c23, name = 'com.apple.CFPasteboardClient'
See /usr/include/servers/bootstrap_defs.h for the error codes.
2017-06-23 20:43:16.647 plugin-container[97505:3425020] void __CFPasteboardSetup() : Failed to allocate communication port for com.apple.CFPasteboardClient; this is likely due to sandbox restrictions
1498221796680	Marionette	DEBUG	Received DOM event "beforeunload" for "about:blank"
1498221796685	Marionette	DEBUG	Received DOM event "pagehide" for "about:blank"
1498221796686	Marionette	DEBUG	Received DOM event "unload" for "about:blank"
1498221796781	Marionette	DEBUG	Received DOM event "DOMContentLoaded" for "about:neterror?e=connectionFailure&u=http%3A//localhost%3A8000/&c=UTF-8&f=regular&d=Firefox%20%E6%97%A0%E6%B3%95%E5%BB%BA%E7%AB%8B%E5%88%B0%20localhost%3A8000%20%E6%9C%8D%E5%8A%A1%E5%99%A8%E7%9A%84%E8%BF%9E%E6%8E%A5%E3%80%82"
1498221796808	Marionette	INFO	New connections will no longer be accepted
1498221855110	geckodriver	INFO	Listening on 127.0.0.1:50735
1498221855172	geckodriver::marionette	INFO	Starting browser /Applications/Firefox.app/Contents/MacOS/firefox-bin with args ["-marionette"]
1498221857114	Marionette	INFO	Listening on port 50739
1498221857212	Marionette	WARN	TLS certificate errors will be ignored for this session
1498221857502	Marionette	DEBUG	loaded listener.js
1498221857549	Marionette	DEBUG	Received DOM event "beforeunload" for "about:blank"
1498221857638	Marionette	DEBUG	Received DOM event "beforeunload" for "about:blank"
1498221857646	Marionette	DEBUG	Received DOM event "pagehide" for "about:blank"
1498221857646	Marionette	DEBUG	Received DOM event "unload" for "about:blank"
1498221857758	Marionette	DEBUG	Received DOM event "DOMContentLoaded" for "about:neterror?e=connectionFailure&u=http%3A//localhost%3A8000/&c=UTF-8&f=regular&d=Firefox%20%E6%97%A0%E6%B3%95%E5%BB%BA%E7%AB%8B%E5%88%B0%20localhost%3A8000%20%E6%9C%8D%E5%8A%A1%E5%99%A8%E7%9A%84%E8%BF%9E%E6%8E%A5%E3%80%82"
1498221857811	Marionette	INFO	New connections will no longer be accepted
2017-06-23 20:44:17.819 plugin-container[98423:3426801] *** CFMessagePort: bootstrap_register(): failed 1100 (0x44c) 'Permission denied', port = 0x8b3f, name = 'com.apple.tsm.portname'
See /usr/include/servers/bootstrap_defs.h for the error codes.
2017-06-23 20:44:17.823 plugin-container[98423:3426801] *** CFMessagePort: bootstrap_register(): failed 1100 (0x44c) 'Permission denied', port = 0x8c27, name = 'com.apple.CFPasteboardClient'
See /usr/include/servers/bootstrap_defs.h for the error codes.
2017-06-23 20:44:17.823 plugin-container[98423:3426801] void __CFPasteboardSetup() : Failed to allocate communication port for com.apple.CFPasteboardClient; this is likely due to sandbox restrictions
1498222225184	geckodriver	INFO	Listening on 127.0.0.1:50958
1498222225256	geckodriver::marionette	INFO	Starting browser /Applications/Firefox.app/Contents/MacOS/firefox-bin with args ["-marionette"]
1498222227233	Marionette	INFO	Listening on port 50962
1498222227315	Marionette	WARN	TLS certificate errors will be ignored for this session
1498222227632	Marionette	DEBUG	loaded listener.js
1498222227682	Marionette	DEBUG	Received DOM event "beforeunload" for "about:blank"
2017-06-23 20:50:27.815 plugin-container[4038:3436054] *** CFMessagePort: bootstrap_register(): failed 1100 (0x44c) 'Permission denied', port = 0x8b3f, name = 'com.apple.tsm.portname'
See /usr/include/servers/bootstrap_defs.h for the error codes.
2017-06-23 20:50:27.819 plugin-container[4038:3436054] *** CFMessagePort: bootstrap_register(): failed 1100 (0x44c) 'Permission denied', port = 0x8e1f, name = 'com.apple.CFPasteboardClient'
See /usr/include/servers/bootstrap_defs.h for the error codes.
2017-06-23 20:50:27.819 plugin-container[4038:3436054] void __CFPasteboardSetup() : Failed to allocate communication port for com.apple.CFPasteboardClient; this is likely due to sandbox restrictions
1498222227839	Marionette	DEBUG	Received DOM event "pagehide" for "about:blank"
1498222227839	Marionette	DEBUG	Received DOM event "unload" for "about:blank"
1498222227847	Marionette	DEBUG	Received DOM event "DOMContentLoaded" for "http://localhost:8000/"
1498222227852	Marionette	DEBUG	Received DOM event "pageshow" for "http://localhost:8000/"
1498222227932	Marionette	INFO	New connections will no longer be accepted
1498224526349	geckodriver	INFO	Listening on 127.0.0.1:51265
1498224527447	geckodriver::marionette	INFO	Starting browser /Applications/Firefox.app/Contents/MacOS/firefox-bin with args ["-marionette"]
1498224529615	Marionette	INFO	Listening on port 51271
1498224529697	Marionette	WARN	TLS certificate errors will be ignored for this session
1498224530034	Marionette	DEBUG	loaded listener.js
1498224530078	Marionette	DEBUG	Received DOM event "beforeunload" for "about:blank"
1498224530127	Marionette	DEBUG	Received DOM event "pagehide" for "about:blank"
1498224530128	Marionette	DEBUG	Received DOM event "unload" for "about:blank"
1498224530136	Marionette	DEBUG	Received DOM event "DOMContentLoaded" for "http://localhost:8000/"
1498224530141	Marionette	DEBUG	Received DOM event "pageshow" for "http://localhost:8000/"
2017-06-23 21:28:50.183 plugin-container[34203:3478831] *** CFMessagePort: bootstrap_register(): failed 1100 (0x44c) 'Permission denied', port = 0x8d3f, name = 'com.apple.tsm.portname'
See /usr/include/servers/bootstrap_defs.h for the error codes.
2017-06-23 21:28:50.185 plugin-container[34203:3478831] *** CFMessagePort: bootstrap_register(): failed 1100 (0x44c) 'Permission denied', port = 0x4f1b, name = 'com.apple.CFPasteboardClient'
See /usr/include/servers/bootstrap_defs.h for the error codes.
2017-06-23 21:28:50.185 plugin-container[34203:3478831] void __CFPasteboardSetup() : Failed to allocate communication port for com.apple.CFPasteboardClient; this is likely due to sandbox restrictions
1498224533255	Marionette	INFO	New connections will no longer be accepted
1498225787284	geckodriver	INFO	Listening on 127.0.0.1:51430
1498225788361	geckodriver::marionette	INFO	Starting browser /Applications/Firefox.app/Contents/MacOS/firefox-bin with args ["-marionette"]
1498225790576	Marionette	INFO	Listening on port 51436
1498225790652	Marionette	WARN	TLS certificate errors will be ignored for this session
1498225790955	Marionette	DEBUG	loaded listener.js
1498225791036	Marionette	DEBUG	Received DOM event "beforeunload" for "about:blank"
2017-06-23 21:49:51.101 plugin-container[53081:3506709] *** CFMessagePort: bootstrap_register(): failed 1100 (0x44c) 'Permission denied', port = 0x8e3f, name = 'com.apple.tsm.portname'
See /usr/include/servers/bootstrap_defs.h for the error codes.
2017-06-23 21:49:51.106 plugin-container[53081:3506709] *** CFMessagePort: bootstrap_register(): failed 1100 (0x44c) 'Permission denied', port = 0x5007, name = 'com.apple.CFPasteboardClient'
See /usr/include/servers/bootstrap_defs.h for the error codes.
2017-06-23 21:49:51.106 plugin-container[53081:3506709] void __CFPasteboardSetup() : Failed to allocate communication port for com.apple.CFPasteboardClient; this is likely due to sandbox restrictions
1498225791200	Marionette	DEBUG	Received DOM event "pagehide" for "about:blank"
1498225791200	Marionette	DEBUG	Received DOM event "unload" for "about:blank"
1498225791337	Marionette	DEBUG	Received DOM event "DOMContentLoaded" for "http://localhost:8000/"
1498225791345	Marionette	DEBUG	Received DOM event "pageshow" for "http://localhost:8000/"
1498225791420	Marionette	INFO	New connections will no longer be accepted
[GFX1-]: Receive IPC close with reason=AbnormalShutdown
1498226095797	geckodriver	INFO	Listening on 127.0.0.1:51507
1498226095878	geckodriver::marionette	INFO	Starting browser /Applications/Firefox.app/Contents/MacOS/firefox-bin with args ["-marionette"]
1498226097888	Marionette	INFO	Listening on port 51511
1498226098018	Marionette	WARN	TLS certificate errors will be ignored for this session
1498226098261	Marionette	DEBUG	loaded listener.js
1498226098311	Marionette	DEBUG	Received DOM event "beforeunload" for "about:blank"
2017-06-23 21:54:58.434 plugin-container[57645:3512955] *** CFMessagePort: bootstrap_register(): failed 1100 (0x44c) 'Permission denied', port = 0x8b3f, name = 'com.apple.tsm.portname'
See /usr/include/servers/bootstrap_defs.h for the error codes.
2017-06-23 21:54:58.439 plugin-container[57645:3512955] *** CFMessagePort: bootstrap_register(): failed 1100 (0x44c) 'Permission denied', port = 0x8c13, name = 'com.apple.CFPasteboardClient'
See /usr/include/servers/bootstrap_defs.h for the error codes.
2017-06-23 21:54:58.439 plugin-container[57645:3512955] void __CFPasteboardSetup() : Failed to allocate communication port for com.apple.CFPasteboardClient; this is likely due to sandbox restrictions
1498226098468	Marionette	DEBUG	Received DOM event "pagehide" for "about:blank"
1498226098468	Marionette	DEBUG	Received DOM event "unload" for "about:blank"
1498226098482	Marionette	DEBUG	Received DOM event "DOMContentLoaded" for "http://localhost:8000/"
1498226098490	Marionette	DEBUG	Received DOM event "pageshow" for "http://localhost:8000/"
1498226098606	Marionette	INFO	New connections will no longer be accepted
[GFX1-]: Receive IPC close with reason=AbnormalShutdown
[Child 57645] WARNING: pipe error: Broken pipe: file /builds/slave/m-rel-m64-00000000000000000000/build/src/ipc/chromium/src/chrome/common/ipc_channel_posix.cc, line 702
1498226511568	geckodriver	INFO	Listening on 127.0.0.1:51572
1498226511642	geckodriver::marionette	INFO	Starting browser /Applications/Firefox.app/Contents/MacOS/firefox-bin with args ["-marionette"]
1498226513649	Marionette	INFO	Listening on port 51576
1498226513762	Marionette	WARN	TLS certificate errors will be ignored for this session
1498226514007	Marionette	DEBUG	loaded listener.js
1498226514046	Marionette	DEBUG	Received DOM event "beforeunload" for "about:blank"
2017-06-23 22:01:54.141 plugin-container[63735:3521523] *** CFMessagePort: bootstrap_register(): failed 1100 (0x44c) 'Permission denied', port = 0x8d37, name = 'com.apple.tsm.portname'
See /usr/include/servers/bootstrap_defs.h for the error codes.
2017-06-23 22:01:54.150 plugin-container[63735:3521523] *** CFMessagePort: bootstrap_register(): failed 1100 (0x44c) 'Permission denied', port = 0x4d07, name = 'com.apple.CFPasteboardClient'
See /usr/include/servers/bootstrap_defs.h for the error codes.
2017-06-23 22:01:54.150 plugin-container[63735:3521523] void __CFPasteboardSetup() : Failed to allocate communication port for com.apple.CFPasteboardClient; this is likely due to sandbox restrictions
1498226514172	Marionette	DEBUG	Received DOM event "pagehide" for "about:blank"
1498226514173	Marionette	DEBUG	Received DOM event "unload" for "about:blank"
1498226514187	Marionette	DEBUG	Received DOM event "DOMContentLoaded" for "http://localhost:8000/"
1498226514196	Marionette	DEBUG	Received DOM event "pageshow" for "http://localhost:8000/"
1498226517316	Marionette	INFO	New connections will no longer be accepted
1498276914093	geckodriver	INFO	Listening on 127.0.0.1:54377
1498276914294	geckodriver::marionette	INFO	Starting browser /Applications/Firefox.app/Contents/MacOS/firefox-bin with args ["-marionette"]
1498276916514	Marionette	INFO	Listening on port 54381
1498276916599	Marionette	WARN	TLS certificate errors will be ignored for this session
1498276916895	Marionette	DEBUG	loaded listener.js
1498276916986	Marionette	DEBUG	Received DOM event "beforeunload" for "about:blank"
2017-06-24 12:01:57.074 plugin-container[14768:3895089] *** CFMessagePort: bootstrap_register(): failed 1100 (0x44c) 'Permission denied', port = 0x8e3f, name = 'com.apple.tsm.portname'
See /usr/include/servers/bootstrap_defs.h for the error codes.
2017-06-24 12:01:57.078 plugin-container[14768:3895089] *** CFMessagePort: bootstrap_register(): failed 1100 (0x44c) 'Permission denied', port = 0x9027, name = 'com.apple.CFPasteboardClient'
See /usr/include/servers/bootstrap_defs.h for the error codes.
2017-06-24 12:01:57.078 plugin-container[14768:3895089] void __CFPasteboardSetup() : Failed to allocate communication port for com.apple.CFPasteboardClient; this is likely due to sandbox restrictions
1498276996289	addons.productaddons	WARN	Failed downloading XML, status: 0, reason: timeout
1498277007240	Marionette	DEBUG	Received DOM event "beforeunload" for "about:blank"
1498277007244	Marionette	DEBUG	Received DOM event "pagehide" for "about:blank"
1498277007244	Marionette	DEBUG	Received DOM event "unload" for "about:blank"
1498277007336	Marionette	DEBUG	Received DOM event "DOMContentLoaded" for "about:neterror?e=netTimeout&u=http%3A//localhost%3A8000/&c=UTF-8&f=regular&d=localhost%20%E7%9A%84%E6%9C%8D%E5%8A%A1%E5%99%A8%E5%93%8D%E5%BA%94%E6%97%B6%E9%97%B4%E8%BF%87%E9%95%BF%E3%80%82"
1498277007354	Marionette	INFO	New connections will no longer be accepted
1498277117044	geckodriver	INFO	Listening on 127.0.0.1:54511
1498277118111	geckodriver::marionette	INFO	Starting browser /Applications/Firefox.app/Contents/MacOS/firefox-bin with args ["-marionette"]
1498277120157	Marionette	INFO	Listening on port 54517
1498277120267	Marionette	WARN	TLS certificate errors will be ignored for this session
1498277120538	Marionette	DEBUG	loaded listener.js
1498277120639	Marionette	DEBUG	Received DOM event "beforeunload" for "about:blank"
2017-06-24 12:05:20.722 plugin-container[17809:3899672] *** CFMessagePort: bootstrap_register(): failed 1100 (0x44c) 'Permission denied', port = 0x8a3f, name = 'com.apple.tsm.portname'
See /usr/include/servers/bootstrap_defs.h for the error codes.
2017-06-24 12:05:20.731 plugin-container[17809:3899672] *** CFMessagePort: bootstrap_register(): failed 1100 (0x44c) 'Permission denied', port = 0x4b13, name = 'com.apple.CFPasteboardClient'
See /usr/include/servers/bootstrap_defs.h for the error codes.
2017-06-24 12:05:20.731 plugin-container[17809:3899672] void __CFPasteboardSetup() : Failed to allocate communication port for com.apple.CFPasteboardClient; this is likely due to sandbox restrictions
1498277199949	addons.productaddons	WARN	Failed downloading XML, status: 0, reason: timeout
[GFX1-]: Receive IPC close with reason=AbnormalShutdown
[Child 17809] WARNING: pipe error: Broken pipe: file /builds/slave/m-rel-m64-00000000000000000000/build/src/ipc/chromium/src/chrome/common/ipc_channel_posix.cc, line 702
1498277290852	geckodriver	INFO	Listening on 127.0.0.1:54640
1498277290918	geckodriver::marionette	INFO	Starting browser /Applications/Firefox.app/Contents/MacOS/firefox-bin with args ["-marionette"]
1498277292947	Marionette	INFO	Listening on port 54644
1498277293070	Marionette	WARN	TLS certificate errors will be ignored for this session
1498277293315	Marionette	DEBUG	loaded listener.js
1498277293357	Marionette	DEBUG	Received DOM event "beforeunload" for "about:blank"
2017-06-24 12:08:13.453 plugin-container[20390:3903568] *** CFMessagePort: bootstrap_register(): failed 1100 (0x44c) 'Permission denied', port = 0x8e3f, name = 'com.apple.tsm.portname'
See /usr/include/servers/bootstrap_defs.h for the error codes.
2017-06-24 12:08:13.458 plugin-container[20390:3903568] *** CFMessagePort: bootstrap_register(): failed 1100 (0x44c) 'Permission denied', port = 0x5007, name = 'com.apple.CFPasteboardClient'
See /usr/include/servers/bootstrap_defs.h for the error codes.
2017-06-24 12:08:13.458 plugin-container[20390:3903568] void __CFPasteboardSetup() : Failed to allocate communication port for com.apple.CFPasteboardClient; this is likely due to sandbox restrictions
1498277330887	Marionette	DEBUG	loaded listener.js
1498277383702	Marionette	DEBUG	Received DOM event "beforeunload" for "about:blank"
1498277383708	Marionette	DEBUG	Received DOM event "pagehide" for "about:blank"
1498277383708	Marionette	DEBUG	Received DOM event "unload" for "about:blank"
1498277383810	Marionette	DEBUG	Received DOM event "DOMContentLoaded" for "about:neterror?e=netTimeout&u=http%3A//localhost%3A8000/&c=UTF-8&f=regular&d=localhost%20%E7%9A%84%E6%9C%8D%E5%8A%A1%E5%99%A8%E5%93%8D%E5%BA%94%E6%97%B6%E9%97%B4%E8%BF%87%E9%95%BF%E3%80%82"
1498277383831	Marionette	INFO	New connections will no longer be accepted
1498277489676	geckodriver	INFO	Listening on 127.0.0.1:54772
1498277490746	geckodriver::marionette	INFO	Starting browser /Applications/Firefox.app/Contents/MacOS/firefox-bin with args ["-marionette"]
1498277492867	Marionette	INFO	Listening on port 54778
1498277492985	Marionette	WARN	TLS certificate errors will be ignored for this session
1498277493244	Marionette	DEBUG	loaded listener.js
1498277493290	Marionette	DEBUG	Received DOM event "beforeunload" for "about:blank"
2017-06-24 12:11:33.399 plugin-container[23272:3908987] *** CFMessagePort: bootstrap_register(): failed 1100 (0x44c) 'Permission denied', port = 0x8c3f, name = 'com.apple.tsm.portname'
See /usr/include/servers/bootstrap_defs.h for the error codes.
2017-06-24 12:11:33.409 plugin-container[23272:3908987] *** CFMessagePort: bootstrap_register(): failed 1100 (0x44c) 'Permission denied', port = 0x4f07, name = 'com.apple.CFPasteboardClient'
See /usr/include/servers/bootstrap_defs.h for the error codes.
2017-06-24 12:11:33.409 plugin-container[23272:3908987] void __CFPasteboardSetup() : Failed to allocate communication port for com.apple.CFPasteboardClient; this is likely due to sandbox restrictions
1498277493435	Marionette	DEBUG	Received DOM event "pagehide" for "about:blank"
1498277493435	Marionette	DEBUG	Received DOM event "unload" for "about:blank"
1498277493443	Marionette	DEBUG	Received DOM event "DOMContentLoaded" for "http://localhost:8000/"
1498277493446	Marionette	DEBUG	Received DOM event "pageshow" for "http://localhost:8000/"
1498277496577	Marionette	INFO	New connections will no longer be accepted
[GFX1-]: Receive IPC close with reason=AbnormalShutdown
[Child 23272] WARNING: pipe error: Broken pipe: file /builds/slave/m-rel-m64-00000000000000000000/build/src/ipc/chromium/src/chrome/common/ipc_channel_posix.cc, line 702
1498277944687	geckodriver	INFO	Listening on 127.0.0.1:54853
1498277944765	geckodriver::marionette	INFO	Starting browser /Applications/Firefox.app/Contents/MacOS/firefox-bin with args ["-marionette"]
1498277946720	Marionette	INFO	Listening on port 54857
1498277946800	Marionette	WARN	TLS certificate errors will be ignored for this session
1498277947085	Marionette	DEBUG	loaded listener.js
1498277947125	Marionette	DEBUG	Received DOM event "beforeunload" for "about:blank"
2017-06-24 12:19:07.229 plugin-container[30121:3918349] *** CFMessagePort: bootstrap_register(): failed 1100 (0x44c) 'Permission denied', port = 0x8d3f, name = 'com.apple.tsm.portname'
See /usr/include/servers/bootstrap_defs.h for the error codes.
2017-06-24 12:19:07.236 plugin-container[30121:3918349] *** CFMessagePort: bootstrap_register(): failed 1100 (0x44c) 'Permission denied', port = 0x8f1f, name = 'com.apple.CFPasteboardClient'
See /usr/include/servers/bootstrap_defs.h for the error codes.
2017-06-24 12:19:07.236 plugin-container[30121:3918349] void __CFPasteboardSetup() : Failed to allocate communication port for com.apple.CFPasteboardClient; this is likely due to sandbox restrictions
1498277947258	Marionette	DEBUG	Received DOM event "pagehide" for "about:blank"
1498277947258	Marionette	DEBUG	Received DOM event "unload" for "about:blank"
1498277947266	Marionette	DEBUG	Received DOM event "DOMContentLoaded" for "http://localhost:8000/"
1498277947279	Marionette	DEBUG	Received DOM event "pageshow" for "http://localhost:8000/"
1498277947501	Marionette	INFO	New connections will no longer be accepted
[GFX1-]: Receive IPC close with reason=AbnormalShutdown
1498278007400	geckodriver	INFO	Listening on 127.0.0.1:54916
1498278007463	geckodriver::marionette	INFO	Starting browser /Applications/Firefox.app/Contents/MacOS/firefox-bin with args ["-marionette"]
1498278009487	Marionette	INFO	Listening on port 54920
1498278009605	Marionette	WARN	TLS certificate errors will be ignored for this session
1498278009866	Marionette	DEBUG	loaded listener.js
1498278009913	Marionette	DEBUG	Received DOM event "beforeunload" for "about:blank"
2017-06-24 12:20:10.028 plugin-container[31052:3920160] *** CFMessagePort: bootstrap_register(): failed 1100 (0x44c) 'Permission denied', port = 0x8d3f, name = 'com.apple.tsm.portname'
See /usr/include/servers/bootstrap_defs.h for the error codes.
2017-06-24 12:20:10.034 plugin-container[31052:3920160] *** CFMessagePort: bootstrap_register(): failed 1100 (0x44c) 'Permission denied', port = 0x8f13, name = 'com.apple.CFPasteboardClient'
See /usr/include/servers/bootstrap_defs.h for the error codes.
2017-06-24 12:20:10.034 plugin-container[31052:3920160] void __CFPasteboardSetup() : Failed to allocate communication port for com.apple.CFPasteboardClient; this is likely due to sandbox restrictions
1498278010055	Marionette	DEBUG	Received DOM event "pagehide" for "about:blank"
1498278010055	Marionette	DEBUG	Received DOM event "unload" for "about:blank"
1498278010067	Marionette	DEBUG	Received DOM event "DOMContentLoaded" for "http://localhost:8000/"
1498278010082	Marionette	DEBUG	Received DOM event "pageshow" for "http://localhost:8000/"
1498278013316	Marionette	INFO	New connections will no longer be accepted
[GFX1-]: Receive IPC close with reason=AbnormalShutdown
1498278326606	geckodriver	INFO	Listening on 127.0.0.1:54996
1498278326673	geckodriver::marionette	INFO	Starting browser /Applications/Firefox.app/Contents/MacOS/firefox-bin with args ["-marionette"]
1498278328641	Marionette	INFO	Listening on port 55001
1498278328728	Marionette	WARN	TLS certificate errors will be ignored for this session
1498278328999	Marionette	DEBUG	loaded listener.js
1498278329047	Marionette	DEBUG	Received DOM event "beforeunload" for "about:blank"
2017-06-24 12:25:29.155 plugin-container[35774:3926828] *** CFMessagePort: bootstrap_register(): failed 1100 (0x44c) 'Permission denied', port = 0x8a3f, name = 'com.apple.tsm.portname'
See /usr/include/servers/bootstrap_defs.h for the error codes.
2017-06-24 12:25:29.160 plugin-container[35774:3926828] *** CFMessagePort: bootstrap_register(): failed 1100 (0x44c) 'Permission denied', port = 0x493b, name = 'com.apple.CFPasteboardClient'
See /usr/include/servers/bootstrap_defs.h for the error codes.
2017-06-24 12:25:29.160 plugin-container[35774:3926828] void __CFPasteboardSetup() : Failed to allocate communication port for com.apple.CFPasteboardClient; this is likely due to sandbox restrictions
1498278329179	Marionette	DEBUG	Received DOM event "pagehide" for "about:blank"
1498278329180	Marionette	DEBUG	Received DOM event "unload" for "about:blank"
1498278329187	Marionette	DEBUG	Received DOM event "DOMContentLoaded" for "http://localhost:8000/"
1498278329214	Marionette	DEBUG	Received DOM event "pageshow" for "http://localhost:8000/"
1498278329464	Marionette	INFO	New connections will no longer be accepted
1498278447487	geckodriver	INFO	Listening on 127.0.0.1:55066
1498278447555	geckodriver::marionette	INFO	Starting browser /Applications/Firefox.app/Contents/MacOS/firefox-bin with args ["-marionette"]
1498278449558	Marionette	INFO	Listening on port 55070
1498278449687	Marionette	WARN	TLS certificate errors will be ignored for this session
1498278449930	Marionette	DEBUG	loaded listener.js
1498278450011	Marionette	DEBUG	Received DOM event "beforeunload" for "about:blank"
2017-06-24 12:27:30.091 plugin-container[37613:3929867] *** CFMessagePort: bootstrap_register(): failed 1100 (0x44c) 'Permission denied', port = 0x8c3f, name = 'com.apple.tsm.portname'
See /usr/include/servers/bootstrap_defs.h for the error codes.
2017-06-24 12:27:30.096 plugin-container[37613:3929867] *** CFMessagePort: bootstrap_register(): failed 1100 (0x44c) 'Permission denied', port = 0x4b1f, name = 'com.apple.CFPasteboardClient'
See /usr/include/servers/bootstrap_defs.h for the error codes.
2017-06-24 12:27:30.097 plugin-container[37613:3929867] void __CFPasteboardSetup() : Failed to allocate communication port for com.apple.CFPasteboardClient; this is likely due to sandbox restrictions
1498278450115	Marionette	DEBUG	Received DOM event "pagehide" for "about:blank"
1498278450115	Marionette	DEBUG	Received DOM event "unload" for "about:blank"
1498278450122	Marionette	DEBUG	Received DOM event "DOMContentLoaded" for "http://localhost:8000/"
1498278450153	Marionette	DEBUG	Received DOM event "pageshow" for "http://localhost:8000/"
1498278450345	Marionette	INFO	New connections will no longer be accepted
[GFX1-]: Receive IPC close with reason=AbnormalShutdown
1498278542084	geckodriver	INFO	Listening on 127.0.0.1:55134
1498278542151	geckodriver::marionette	INFO	Starting browser /Applications/Firefox.app/Contents/MacOS/firefox-bin with args ["-marionette"]
1498278544156	Marionette	INFO	Listening on port 55138
1498278544234	Marionette	WARN	TLS certificate errors will be ignored for this session
1498278544542	Marionette	DEBUG	loaded listener.js
1498278544588	Marionette	DEBUG	Received DOM event "beforeunload" for "about:blank"
1498278544648	Marionette	DEBUG	Received DOM event "pagehide" for "about:blank"
1498278544649	Marionette	DEBUG	Received DOM event "unload" for "about:blank"
1498278544659	Marionette	DEBUG	Received DOM event "DOMContentLoaded" for "http://localhost:8000/"
1498278544697	Marionette	DEBUG	Received DOM event "pageshow" for "http://localhost:8000/"
2017-06-24 12:29:04.741 plugin-container[39000:3932299] *** CFMessagePort: bootstrap_register(): failed 1100 (0x44c) 'Permission denied', port = 0x8e3f, name = 'com.apple.tsm.portname'
See /usr/include/servers/bootstrap_defs.h for the error codes.
2017-06-24 12:29:04.744 plugin-container[39000:3932299] *** CFMessagePort: bootstrap_register(): failed 1100 (0x44c) 'Permission denied', port = 0x4f17, name = 'com.apple.CFPasteboardClient'
See /usr/include/servers/bootstrap_defs.h for the error codes.
2017-06-24 12:29:04.744 plugin-container[39000:3932299] void __CFPasteboardSetup() : Failed to allocate communication port for com.apple.CFPasteboardClient; this is likely due to sandbox restrictions
1498278545023	Marionette	INFO	New connections will no longer be accepted
1498278597005	geckodriver	INFO	Listening on 127.0.0.1:55199
1498278597083	geckodriver::marionette	INFO	Starting browser /Applications/Firefox.app/Contents/MacOS/firefox-bin with args ["-marionette"]
1498278599063	Marionette	INFO	Listening on port 55203
1498278599145	Marionette	WARN	TLS certificate errors will be ignored for this session
1498278599422	Marionette	DEBUG	loaded listener.js
1498278599463	Marionette	DEBUG	Received DOM event "beforeunload" for "about:blank"
1498278599519	Marionette	DEBUG	Received DOM event "pagehide" for "about:blank"
1498278599520	Marionette	DEBUG	Received DOM event "unload" for "about:blank"
1498278599528	Marionette	DEBUG	Received DOM event "DOMContentLoaded" for "http://localhost:8000/"
1498278599566	Marionette	DEBUG	Received DOM event "pageshow" for "http://localhost:8000/"
2017-06-24 12:29:59.643 plugin-container[39931:3934195] *** CFMessagePort: bootstrap_register(): failed 1100 (0x44c) 'Permission denied', port = 0x8c3f, name = 'com.apple.tsm.portname'
See /usr/include/servers/bootstrap_defs.h for the error codes.
2017-06-24 12:29:59.644 plugin-container[39931:3934195] *** CFMessagePort: bootstrap_register(): failed 1100 (0x44c) 'Permission denied', port = 0x930f, name = 'com.apple.CFPasteboardClient'
See /usr/include/servers/bootstrap_defs.h for the error codes.
2017-06-24 12:29:59.644 plugin-container[39931:3934195] void __CFPasteboardSetup() : Failed to allocate communication port for com.apple.CFPasteboardClient; this is likely due to sandbox restrictions
1498278599878	Marionette	INFO	New connections will no longer be accepted
1498278646762	geckodriver	INFO	Listening on 127.0.0.1:55276
1498278646830	geckodriver::marionette	INFO	Starting browser /Applications/Firefox.app/Contents/MacOS/firefox-bin with args ["-marionette"]
1498278648825	Marionette	INFO	Listening on port 55280
1498278648902	Marionette	WARN	TLS certificate errors will be ignored for this session
1498278649187	Marionette	DEBUG	loaded listener.js
1498278649250	Marionette	DEBUG	Received DOM event "beforeunload" for "about:blank"
2017-06-24 12:30:49.350 plugin-container[40660:3936088] *** CFMessagePort: bootstrap_register(): failed 1100 (0x44c) 'Permission denied', port = 0x8b3f, name = 'com.apple.tsm.portname'
See /usr/include/servers/bootstrap_defs.h for the error codes.
2017-06-24 12:30:49.359 plugin-container[40660:3936088] *** CFMessagePort: bootstrap_register(): failed 1100 (0x44c) 'Permission denied', port = 0x8d27, name = 'com.apple.CFPasteboardClient'
See /usr/include/servers/bootstrap_defs.h for the error codes.
2017-06-24 12:30:49.359 plugin-container[40660:3936088] void __CFPasteboardSetup() : Failed to allocate communication port for com.apple.CFPasteboardClient; this is likely due to sandbox restrictions
1498278649382	Marionette	DEBUG	Received DOM event "pagehide" for "about:blank"
1498278649383	Marionette	DEBUG	Received DOM event "unload" for "about:blank"
1498278649401	Marionette	DEBUG	Received DOM event "DOMContentLoaded" for "http://localhost:8000/"
1498278649475	Marionette	DEBUG	Received DOM event "pageshow" for "http://localhost:8000/"
1498278649738	Marionette	INFO	New connections will no longer be accepted
1498279060381	geckodriver	INFO	Listening on 127.0.0.1:55403
1498279060455	geckodriver::marionette	INFO	Starting browser /Applications/Firefox.app/Contents/MacOS/firefox-bin with args ["-marionette"]
1498279062421	Marionette	INFO	Listening on port 55407
1498279062505	Marionette	WARN	TLS certificate errors will be ignored for this session
1498279062804	Marionette	DEBUG	loaded listener.js
1498279062849	Marionette	DEBUG	Received DOM event "beforeunload" for "about:blank"
1498279062909	Marionette	DEBUG	Received DOM event "pagehide" for "about:blank"
1498279062910	Marionette	DEBUG	Received DOM event "unload" for "about:blank"
1498279062920	Marionette	DEBUG	Received DOM event "DOMContentLoaded" for "http://127.0.0.1:8000/"
1498279062969	Marionette	DEBUG	Received DOM event "pageshow" for "http://127.0.0.1:8000/"
2017-06-24 12:37:43.059 plugin-container[46804:3945793] *** CFMessagePort: bootstrap_register(): failed 1100 (0x44c) 'Permission denied', port = 0x8c3f, name = 'com.apple.tsm.portname'
See /usr/include/servers/bootstrap_defs.h for the error codes.
2017-06-24 12:37:43.067 plugin-container[46804:3945793] *** CFMessagePort: bootstrap_register(): failed 1100 (0x44c) 'Permission denied', port = 0x4c07, name = 'com.apple.CFPasteboardClient'
See /usr/include/servers/bootstrap_defs.h for the error codes.
2017-06-24 12:37:43.068 plugin-container[46804:3945793] void __CFPasteboardSetup() : Failed to allocate communication port for com.apple.CFPasteboardClient; this is likely due to sandbox restrictions
1498279063295	Marionette	INFO	New connections will no longer be accepted
1498279365893	geckodriver	INFO	Listening on 127.0.0.1:55545
1498279365957	geckodriver::marionette	INFO	Starting browser /Applications/Firefox.app/Contents/MacOS/firefox-bin with args ["-marionette"]
1498279367967	Marionette	INFO	Listening on port 55549
1498279368079	Marionette	WARN	TLS certificate errors will be ignored for this session
1498279368332	Marionette	DEBUG	loaded listener.js
1498279368425	Marionette	DEBUG	Received DOM event "beforeunload" for "about:blank"
2017-06-24 12:42:48.484 plugin-container[51384:3953165] *** CFMessagePort: bootstrap_register(): failed 1100 (0x44c) 'Permission denied', port = 0x8937, name = 'com.apple.tsm.portname'
See /usr/include/servers/bootstrap_defs.h for the error codes.
2017-06-24 12:42:48.490 plugin-container[51384:3953165] *** CFMessagePort: bootstrap_register(): failed 1100 (0x44c) 'Permission denied', port = 0x4b1b, name = 'com.apple.CFPasteboardClient'
See /usr/include/servers/bootstrap_defs.h for the error codes.
2017-06-24 12:42:48.490 plugin-container[51384:3953165] void __CFPasteboardSetup() : Failed to allocate communication port for com.apple.CFPasteboardClient; this is likely due to sandbox restrictions
1498279368520	Marionette	DEBUG	Received DOM event "pagehide" for "about:blank"
1498279368521	Marionette	DEBUG	Received DOM event "unload" for "about:blank"
1498279368532	Marionette	DEBUG	Received DOM event "DOMContentLoaded" for "http://127.0.0.1:8000/"
1498279368575	Marionette	DEBUG	Received DOM event "pageshow" for "http://127.0.0.1:8000/"
1498279368930	Marionette	INFO	New connections will no longer be accepted
1498279509646	geckodriver	INFO	Listening on 127.0.0.1:55629
1498279509718	geckodriver::marionette	INFO	Starting browser /Applications/Firefox.app/Contents/MacOS/firefox-bin with args ["-marionette"]
1498279511709	Marionette	INFO	Listening on port 55633
1498279511839	Marionette	WARN	TLS certificate errors will be ignored for this session
1498279512076	Marionette	DEBUG	loaded listener.js
1498279512122	Marionette	DEBUG	Received DOM event "beforeunload" for "about:blank"
2017-06-24 12:45:12.237 plugin-container[53526:3956546] *** CFMessagePort: bootstrap_register(): failed 1100 (0x44c) 'Permission denied', port = 0x8b3f, name = 'com.apple.tsm.portname'
See /usr/include/servers/bootstrap_defs.h for the error codes.
2017-06-24 12:45:12.242 plugin-container[53526:3956546] *** CFMessagePort: bootstrap_register(): failed 1100 (0x44c) 'Permission denied', port = 0x4e07, name = 'com.apple.CFPasteboardClient'
See /usr/include/servers/bootstrap_defs.h for the error codes.
2017-06-24 12:45:12.242 plugin-container[53526:3956546] void __CFPasteboardSetup() : Failed to allocate communication port for com.apple.CFPasteboardClient; this is likely due to sandbox restrictions
1498279512257	Marionette	DEBUG	Received DOM event "pagehide" for "about:blank"
1498279512258	Marionette	DEBUG	Received DOM event "unload" for "about:blank"
1498279512268	Marionette	DEBUG	Received DOM event "DOMContentLoaded" for "http://127.0.0.1:8000/"
1498279512303	Marionette	DEBUG	Received DOM event "pageshow" for "http://127.0.0.1:8000/"
1498279512612	Marionette	INFO	New connections will no longer be accepted
1498280938995	geckodriver	INFO	Listening on 127.0.0.1:55792
1498280940072	geckodriver::marionette	INFO	Starting browser /Applications/Firefox.app/Contents/MacOS/firefox-bin with args ["-marionette"]
1498280942186	Marionette	INFO	Listening on port 55798
1498280942311	Marionette	WARN	TLS certificate errors will be ignored for this session
1498280942592	Marionette	DEBUG	loaded listener.js
1498280942634	Marionette	DEBUG	Received DOM event "beforeunload" for "about:blank"
2017-06-24 13:09:02.738 plugin-container[65534:3975414] *** CFMessagePort: bootstrap_register(): failed 1100 (0x44c) 'Permission denied', port = 0x8c3f, name = 'com.apple.tsm.portname'
See /usr/include/servers/bootstrap_defs.h for the error codes.
2017-06-24 13:09:02.744 plugin-container[65534:3975414] *** CFMessagePort: bootstrap_register(): failed 1100 (0x44c) 'Permission denied', port = 0x8e27, name = 'com.apple.CFPasteboardClient'
See /usr/include/servers/bootstrap_defs.h for the error codes.
2017-06-24 13:09:02.745 plugin-container[65534:3975414] void __CFPasteboardSetup() : Failed to allocate communication port for com.apple.CFPasteboardClient; this is likely due to sandbox restrictions
1498280942773	Marionette	DEBUG	Received DOM event "pagehide" for "about:blank"
1498280942774	Marionette	DEBUG	Received DOM event "unload" for "about:blank"
1498280942789	Marionette	DEBUG	Received DOM event "DOMContentLoaded" for "http://127.0.0.1:8000/"
1498280942822	Marionette	DEBUG	Received DOM event "pageshow" for "http://127.0.0.1:8000/"
1498280946120	Marionette	INFO	New connections will no longer be accepted
[GFX1-]: Receive IPC close with reason=AbnormalShutdown
1498281053740	geckodriver	INFO	Listening on 127.0.0.1:55874
1498281053802	geckodriver::marionette	INFO	Starting browser /Applications/Firefox.app/Contents/MacOS/firefox-bin with args ["-marionette"]
1498281055926	Marionette	INFO	Listening on port 55878
1498281056053	Marionette	WARN	TLS certificate errors will be ignored for this session
1498281056321	Marionette	DEBUG	loaded listener.js
1498281056366	Marionette	DEBUG	Received DOM event "beforeunload" for "about:blank"
1498281056417	Marionette	DEBUG	Received DOM event "pagehide" for "about:blank"
1498281056418	Marionette	DEBUG	Received DOM event "unload" for "about:blank"
1498281056429	Marionette	DEBUG	Received DOM event "DOMContentLoaded" for "http://127.0.0.1:8000/"
1498281056464	Marionette	DEBUG	Received DOM event "pageshow" for "http://127.0.0.1:8000/"
2017-06-24 13:10:56.554 plugin-container[67224:3978442] *** CFMessagePort: bootstrap_register(): failed 1100 (0x44c) 'Permission denied', port = 0x8c3f, name = 'com.apple.tsm.portname'
See /usr/include/servers/bootstrap_defs.h for the error codes.
2017-06-24 13:10:56.557 plugin-container[67224:3978442] *** CFMessagePort: bootstrap_register(): failed 1100 (0x44c) 'Permission denied', port = 0x8d23, name = 'com.apple.CFPasteboardClient'
See /usr/include/servers/bootstrap_defs.h for the error codes.
2017-06-24 13:10:56.557 plugin-container[67224:3978442] void __CFPasteboardSetup() : Failed to allocate communication port for com.apple.CFPasteboardClient; this is likely due to sandbox restrictions
1498281069874	Marionette	INFO	New connections will no longer be accepted
[GFX1-]: Receive IPC close with reason=AbnormalShutdown
1498281304481	geckodriver	INFO	Listening on 127.0.0.1:55959
1498281304554	geckodriver::marionette	INFO	Starting browser /Applications/Firefox.app/Contents/MacOS/firefox-bin with args ["-marionette"]
1498281306630	Marionette	INFO	Listening on port 55963
1498281306710	Marionette	WARN	TLS certificate errors will be ignored for this session
1498281307013	Marionette	DEBUG	loaded listener.js
1498281307056	Marionette	DEBUG	Received DOM event "beforeunload" for "about:blank"
1498281307105	Marionette	DEBUG	Received DOM event "pagehide" for "about:blank"
1498281307105	Marionette	DEBUG	Received DOM event "unload" for "about:blank"
1498281307186	Marionette	DEBUG	Received DOM event "DOMContentLoaded" for "http://127.0.0.1:8000/"
1498281307189	Marionette	DEBUG	Received DOM event "pageshow" for "http://127.0.0.1:8000/"
2017-06-24 13:15:07.268 plugin-container[71049:3983987] *** CFMessagePort: bootstrap_register(): failed 1100 (0x44c) 'Permission denied', port = 0x8f3f, name = 'com.apple.tsm.portname'
See /usr/include/servers/bootstrap_defs.h for the error codes.
2017-06-24 13:15:07.271 plugin-container[71049:3983987] *** CFMessagePort: bootstrap_register(): failed 1100 (0x44c) 'Permission denied', port = 0x5107, name = 'com.apple.CFPasteboardClient'
See /usr/include/servers/bootstrap_defs.h for the error codes.
2017-06-24 13:15:07.272 plugin-container[71049:3983987] void __CFPasteboardSetup() : Failed to allocate communication port for com.apple.CFPasteboardClient; this is likely due to sandbox restrictions
1498281307681	Marionette	INFO	New connections will no longer be accepted
[GFX1-]: Receive IPC close with reason=AbnormalShutdown
*************************
A coding exception was thrown and uncaught in a Task.

Full message: TypeError: NetworkError when attempting to fetch resource.
Full stack: 
*************************
JavaScript error: https://ss1.bdstatic.com/5eN1bjq8AAUYm2zgoY3K/r/www/cache/static/protocol/https/plugins/every_cookie_mac_82990d4.js, line 4: ReferenceError: c is not defined
JavaScript error: http://xiuxiu.web.meitu.com/main.html, line 94: TypeError: getFlash(...) is undefined
JavaScript error: http://xiuxiu.web.meitu.com/main.html, line 108: TypeError: getFlash(...) is undefined
JavaScript warning: http://jingyan.baidu.com/article/1709ad80aad9ff4634c4f002.html, line 110: SyntaxError: 09 is not a legal ECMA-262 octal constant
*************************
A coding exception was thrown and uncaught in a Task.

Full message: TypeError: NetworkError when attempting to fetch resource.
Full stack: 
*************************
JavaScript error: http://xiuxiu.web.meitu.com/main.html, line 94: TypeError: getFlash(...) is undefined
JavaScript error: http://bdimg.share.baidu.com/static/api/js/trans/logger.js?v=d16ec0e3.js, line 1: TypeError: n.ajax.request is not a function
JavaScript error: http://xiuxiu.web.meitu.com/main.html, line 108: TypeError: getFlash(...) is undefined

###!!! [Child][MessageChannel] Error: (msgtype=0x440102,name=PContent::Msg_AsyncMessage) Channel closing: too late to send/recv, messages will be lost

JavaScript error: chrome://global/content/process-content.js, line 71: NS_ERROR_UNEXPECTED: Component returned failure code: 0x8000ffff (NS_ERROR_UNEXPECTED) [nsIMessageSender.sendAsyncMessage]

###!!! [Child][MessageChannel] Error: (msgtype=0x2C0048,name=PBrowser::Msg___delete__) Channel closing: too late to send/recv, messages will be lost


###!!! [Child][MessageChannel] Error: (msgtype=0x440102,name=PContent::Msg_AsyncMessage) Channel closing: too late to send/recv, messages will be lost

JavaScript error: chrome://global/content/process-content.js, line 71: NS_ERROR_UNEXPECTED: Component returned failure code: 0x8000ffff (NS_ERROR_UNEXPECTED) [nsIMessageSender.sendAsyncMessage]

###!!! [Child][MessageChannel] Error: (msgtype=0x2C0048,name=PBrowser::Msg___delete__) Channel closing: too late to send/recv, messages will be lost


###!!! [Child][RunMessage] Error: Channel closing: too late to send/recv, messages will be lost


###!!! [Child][RunMessage] Error: Channel closing: too late to send/recv, messages will be lost


###!!! [Child][MessageChannel] Error: (msgtype=0x7E0006,name=PHttpChannel::Msg_Cancel) Channel closing: too late to send/recv, messages will be lost


###!!! [Child][MessageChannel] Error: (msgtype=0x440102,name=PContent::Msg_AsyncMessage) Channel closing: too late to send/recv, messages will be lost

JavaScript error: chrome://global/content/process-content.js, line 71: NS_ERROR_UNEXPECTED: Component returned failure code: 0x8000ffff (NS_ERROR_UNEXPECTED) [nsIMessageSender.sendAsyncMessage]

###!!! [Child][MessageChannel] Error: (msgtype=0x440102,name=PContent::Msg_AsyncMessage) Channel closing: too late to send/recv, messages will be lost

JavaScript error: chrome://global/content/process-content.js, line 71: NS_ERROR_UNEXPECTED: Component returned failure code: 0x8000ffff (NS_ERROR_UNEXPECTED) [nsIMessageSender.sendAsyncMessage]

###!!! [Child][MessageChannel] Error: (msgtype=0x440102,name=PContent::Msg_AsyncMessage) Channel closing: too late to send/recv, messages will be lost

JavaScript error: chrome://global/content/process-content.js, line 71: NS_ERROR_UNEXPECTED: Component returned failure code: 0x8000ffff (NS_ERROR_UNEXPECTED) [nsIMessageSender.sendAsyncMessage]

###!!! [Child][MessageChannel] Error: (msgtype=0x440102,name=PContent::Msg_AsyncMessage) Channel closing: too late to send/recv, messages will be lost

JavaScript error: chrome://global/content/process-content.js, line 71: NS_ERROR_UNEXPECTED: Component returned failure code: 0x8000ffff (NS_ERROR_UNEXPECTED) [nsIMessageSender.sendAsyncMessage]

###!!! [Child][MessageChannel] Error: (msgtype=0x440102,name=PContent::Msg_AsyncMessage) Channel closing: too late to send/recv, messages will be lost

JavaScript error: chrome://global/content/process-content.js, line 71: NS_ERROR_UNEXPECTED: Component returned failure code: 0x8000ffff (NS_ERROR_UNEXPECTED) [nsIMessageSender.sendAsyncMessage]

###!!! [Child][MessageChannel] Error: (msgtype=0x440102,name=PContent::Msg_AsyncMessage) Channel closing: too late to send/recv, messages will be lost

JavaScript error: chrome://global/content/process-content.js, line 71: NS_ERROR_UNEXPECTED: Component returned failure code: 0x8000ffff (NS_ERROR_UNEXPECTED) [nsIMessageSender.sendAsyncMessage]

###!!! [Child][MessageChannel] Error: (msgtype=0x440102,name=PContent::Msg_AsyncMessage) Channel closing: too late to send/recv, messages will be lost

JavaScript error: chrome://global/content/process-content.js, line 71: NS_ERROR_UNEXPECTED: Component returned failure code: 0x8000ffff (NS_ERROR_UNEXPECTED) [nsIMessageSender.sendAsyncMessage]

###!!! [Child][MessageChannel] Error: (msgtype=0x440102,name=PContent::Msg_AsyncMessage) Channel closing: too late to send/recv, messages will be lost

JavaScript error: chrome://global/content/process-content.js, line 71: NS_ERROR_UNEXPECTED: Component returned failure code: 0x8000ffff (NS_ERROR_UNEXPECTED) [nsIMessageSender.sendAsyncMessage]

###!!! [Child][MessageChannel] Error: (msgtype=0x2C0048,name=PBrowser::Msg___delete__) Channel closing: too late to send/recv, messages will be lost


###!!! [Child][RunMessage] Error: Channel closing: too late to send/recv, messages will be lost


###!!! [Child][RunMessage] Error: Channel closing: too late to send/recv, messages will be lost


###!!! [Child][MessageChannel] Error: (msgtype=0x7E0006,name=PHttpChannel::Msg_Cancel) Channel closing: too late to send/recv, messages will be lost


###!!! [Child][MessageChannel] Error: (msgtype=0x440102,name=PContent::Msg_AsyncMessage) Channel closing: too late to send/recv, messages will be lost

JavaScript error: chrome://global/content/process-content.js, line 71: NS_ERROR_UNEXPECTED: Component returned failure code: 0x8000ffff (NS_ERROR_UNEXPECTED) [nsIMessageSender.sendAsyncMessage]

###!!! [Child][MessageChannel] Error: (msgtype=0x440102,name=PContent::Msg_AsyncMessage) Channel closing: too late to send/recv, messages will be lost

JavaScript error: chrome://global/content/process-content.js, line 71: NS_ERROR_UNEXPECTED: Component returned failure code: 0x8000ffff (NS_ERROR_UNEXPECTED) [nsIMessageSender.sendAsyncMessage]

###!!! [Child][MessageChannel] Error: (msgtype=0x440102,name=PContent::Msg_AsyncMessage) Channel closing: too late to send/recv, messages will be lost

JavaScript error: chrome://global/content/process-content.js, line 71: NS_ERROR_UNEXPECTED: Component returned failure code: 0x8000ffff (NS_ERROR_UNEXPECTED) [nsIMessageSender.sendAsyncMessage]

###!!! [Child][MessageChannel] Error: (msgtype=0x440102,name=PContent::Msg_AsyncMessage) Channel closing: too late to send/recv, messages will be lost

JavaScript error: chrome://global/content/process-content.js, line 71: NS_ERROR_UNEXPECTED: Component returned failure code: 0x8000ffff (NS_ERROR_UNEXPECTED) [nsIMessageSender.sendAsyncMessage]

###!!! [Child][MessageChannel] Error: (msgtype=0x440102,name=PContent::Msg_AsyncMessage) Channel closing: too late to send/recv, messages will be lost

JavaScript error: chrome://global/content/process-content.js, line 71: NS_ERROR_UNEXPECTED: Component returned failure code: 0x8000ffff (NS_ERROR_UNEXPECTED) [nsIMessageSender.sendAsyncMessage]

###!!! [Child][MessageChannel] Error: (msgtype=0x440102,name=PContent::Msg_AsyncMessage) Channel closing: too late to send/recv, messages will be lost

JavaScript error: chrome://global/content/process-content.js, line 71: NS_ERROR_UNEXPECTED: Component returned failure code: 0x8000ffff (NS_ERROR_UNEXPECTED) [nsIMessageSender.sendAsyncMessage]

###!!! [Child][MessageChannel] Error: (msgtype=0x440102,name=PContent::Msg_AsyncMessage) Channel closing: too late to send/recv, messages will be lost

JavaScript error: chrome://global/content/process-content.js, line 71: NS_ERROR_UNEXPECTED: Component returned failure code: 0x8000ffff (NS_ERROR_UNEXPECTED) [nsIMessageSender.sendAsyncMessage]

###!!! [Child][MessageChannel] Error: (msgtype=0x440102,name=PContent::Msg_AsyncMessage) Channel closing: too late to send/recv, messages will be lost

JavaScript error: chrome://global/content/process-content.js, line 71: NS_ERROR_UNEXPECTED: Component returned failure code: 0x8000ffff (NS_ERROR_UNEXPECTED) [nsIMessageSender.sendAsyncMessage]

###!!! [Child][MessageChannel] Error: (msgtype=0x440102,name=PContent::Msg_AsyncMessage) Channel closing: too late to send/recv, messages will be lost

JavaScript error: chrome://global/content/process-content.js, line 71: NS_ERROR_UNEXPECTED: Component returned failure code: 0x8000ffff (NS_ERROR_UNEXPECTED) [nsIMessageSender.sendAsyncMessage]

###!!! [Child][MessageChannel] Error: (msgtype=0x440102,name=PContent::Msg_AsyncMessage) Channel closing: too late to send/recv, messages will be lost

JavaScript error: chrome://global/content/process-content.js, line 71: NS_ERROR_UNEXPECTED: Component returned failure code: 0x8000ffff (NS_ERROR_UNEXPECTED) [nsIMessageSender.sendAsyncMessage]

###!!! [Child][MessageChannel] Error: (msgtype=0x440102,name=PContent::Msg_AsyncMessage) Channel closing: too late to send/recv, messages will be lost

JavaScript error: chrome://global/content/process-content.js, line 71: NS_ERROR_UNEXPECTED: Component returned failure code: 0x8000ffff (NS_ERROR_UNEXPECTED) [nsIMessageSender.sendAsyncMessage]

###!!! [Child][MessageChannel] Error: (msgtype=0x440102,name=PContent::Msg_AsyncMessage) Channel closing: too late to send/recv, messages will be lost

JavaScript error: chrome://global/content/process-content.js, line 71: NS_ERROR_UNEXPECTED: Component returned failure code: 0x8000ffff (NS_ERROR_UNEXPECTED) [nsIMessageSender.sendAsyncMessage]

###!!! [Child][MessageChannel] Error: (msgtype=0x440102,name=PContent::Msg_AsyncMessage) Channel closing: too late to send/recv, messages will be lost

JavaScript error: chrome://global/content/process-content.js, line 71: NS_ERROR_UNEXPECTED: Component returned failure code: 0x8000ffff (NS_ERROR_UNEXPECTED) [nsIMessageSender.sendAsyncMessage]

###!!! [Child][MessageChannel] Error: (msgtype=0x440102,name=PContent::Msg_AsyncMessage) Channel closing: too late to send/recv, messages will be lost

JavaScript error: chrome://global/content/process-content.js, line 71: NS_ERROR_UNEXPECTED: Component returned failure code: 0x8000ffff (NS_ERROR_UNEXPECTED) [nsIMessageSender.sendAsyncMessage]

###!!! [Child][MessageChannel] Error: (msgtype=0x440102,name=PContent::Msg_AsyncMessage) Channel closing: too late to send/recv, messages will be lost

JavaScript error: chrome://global/content/process-content.js, line 71: NS_ERROR_UNEXPECTED: Component returned failure code: 0x8000ffff (NS_ERROR_UNEXPECTED) [nsIMessageSender.sendAsyncMessage]

###!!! [Child][MessageChannel] Error: (msgtype=0x440102,name=PContent::Msg_AsyncMessage) Channel closing: too late to send/recv, messages will be lost

JavaScript error: chrome://global/content/process-content.js, line 71: NS_ERROR_UNEXPECTED: Component returned failure code: 0x8000ffff (NS_ERROR_UNEXPECTED) [nsIMessageSender.sendAsyncMessage]

###!!! [Child][MessageChannel] Error: (msgtype=0x2C0048,name=PBrowser::Msg___delete__) Channel closing: too late to send/recv, messages will be lost


###!!! [Child][MessageChannel] Error: (msgtype=0x4400AC,name=PContent::Msg_ScriptError) Channel closing: too late to send/recv, messages will be lost


###!!! [Child][MessageChannel] Error: (msgtype=0x440102,name=PContent::Msg_AsyncMessage) Channel closing: too late to send/recv, messages will be lost

JavaScript error: chrome://global/content/process-content.js, line 71: NS_ERROR_UNEXPECTED: Component returned failure code: 0x8000ffff (NS_ERROR_UNEXPECTED) [nsIMessageSender.sendAsyncMessage]

###!!! [Child][MessageChannel] Error: (msgtype=0x2C0048,name=PBrowser::Msg___delete__) Channel closing: too late to send/recv, messages will be lost


###!!! [Child][RunMessage] Error: Channel closing: too late to send/recv, messages will be lost


###!!! [Child][RunMessage] Error: Channel closing: too late to send/recv, messages will be lost


###!!! [Child][RunMessage] Error: Channel closing: too late to send/recv, messages will be lost


###!!! [Child][RunMessage] Error: Channel closing: too late to send/recv, messages will be lost


###!!! [Child][RunMessage] Error: Channel closing: too late to send/recv, messages will be lost


###!!! [Child][RunMessage] Error: Channel closing: too late to send/recv, messages will be lost


###!!! [Child][RunMessage] Error: Channel closing: too late to send/recv, messages will be lost


###!!! [Child][MessageChannel] Error: (msgtype=0x4400AB,name=PContent::Msg_ConsoleMessage) Channel closing: too late to send/recv, messages will be lost

1499509171286	Marionette	INFO	Ceased listening
1499563237514	geckodriver	INFO	Listening on 127.0.0.1:61783
1499563238705	geckodriver::marionette	INFO	Starting browser /Applications/Firefox.app/Contents/MacOS/firefox-bin with args ["-marionette"]
1499563240831	Marionette	INFO	Listening on port 61789
1499563240928	Marionette	WARN	TLS certificate errors will be ignored for this session
1499563241190	Marionette	DEBUG	loaded listener.js
1499563241236	Marionette	DEBUG	Received DOM event "beforeunload" for "about:blank"
2017-07-09 09:20:41.357 plugin-container[57961:4851589] *** CFMessagePort: bootstrap_register(): failed 1100 (0x44c) 'Permission denied', port = 0x8a3f, name = 'com.apple.tsm.portname'
See /usr/include/servers/bootstrap_defs.h for the error codes.
2017-07-09 09:20:41.363 plugin-container[57961:4851589] *** CFMessagePort: bootstrap_register(): failed 1100 (0x44c) 'Permission denied', port = 0x910f, name = 'com.apple.CFPasteboardClient'
See /usr/include/servers/bootstrap_defs.h for the error codes.
2017-07-09 09:20:41.363 plugin-container[57961:4851589] void __CFPasteboardSetup() : Failed to allocate communication port for com.apple.CFPasteboardClient; this is likely due to sandbox restrictions
1499563241382	Marionette	DEBUG	Received DOM event "pagehide" for "about:blank"
1499563241383	Marionette	DEBUG	Received DOM event "unload" for "about:blank"
1499563241389	Marionette	DEBUG	Received DOM event "DOMContentLoaded" for "http://127.0.0.1:8000/"
1499563241414	Marionette	DEBUG	Received DOM event "pageshow" for "http://127.0.0.1:8000/"
1499563241768	Marionette	INFO	New connections will no longer be accepted
1499563977458	geckodriver	INFO	Listening on 127.0.0.1:61876
1499563977519	geckodriver::marionette	INFO	Starting browser /Applications/Firefox.app/Contents/MacOS/firefox-bin with args ["-marionette"]
1499563979381	Marionette	INFO	Listening on port 61880
1499563979463	Marionette	WARN	TLS certificate errors will be ignored for this session
1499563979734	Marionette	DEBUG	loaded listener.js
1499563979776	Marionette	DEBUG	Received DOM event "beforeunload" for "about:blank"
2017-07-09 09:32:59.893 plugin-container[69040:4866006] *** CFMessagePort: bootstrap_register(): failed 1100 (0x44c) 'Permission denied', port = 0x8b3f, name = 'com.apple.tsm.portname'
See /usr/include/servers/bootstrap_defs.h for the error codes.
2017-07-09 09:32:59.898 plugin-container[69040:4866006] *** CFMessagePort: bootstrap_register(): failed 1100 (0x44c) 'Permission denied', port = 0x8c1f, name = 'com.apple.CFPasteboardClient'
See /usr/include/servers/bootstrap_defs.h for the error codes.
2017-07-09 09:32:59.898 plugin-container[69040:4866006] void __CFPasteboardSetup() : Failed to allocate communication port for com.apple.CFPasteboardClient; this is likely due to sandbox restrictions
1499563979912	Marionette	DEBUG	Received DOM event "pagehide" for "about:blank"
1499563979912	Marionette	DEBUG	Received DOM event "unload" for "about:blank"
1499563979926	Marionette	DEBUG	Received DOM event "DOMContentLoaded" for "http://127.0.0.1:8000/"
1499563979956	Marionette	DEBUG	Received DOM event "pageshow" for "http://127.0.0.1:8000/"
1499563980322	Marionette	INFO	New connections will no longer be accepted
[GFX1-]: Receive IPC close with reason=AbnormalShutdown
1499564042022	geckodriver	INFO	Listening on 127.0.0.1:61942
1499564042097	geckodriver::marionette	INFO	Starting browser /Applications/Firefox.app/Contents/MacOS/firefox-bin with args ["-marionette"]
1499564043988	Marionette	INFO	Listening on port 61946
1499564044116	Marionette	WARN	TLS certificate errors will be ignored for this session
1499564044344	Marionette	DEBUG	loaded listener.js
1499564044393	Marionette	DEBUG	Received DOM event "beforeunload" for "about:blank"
2017-07-09 09:34:04.509 plugin-container[69971:4867948] *** CFMessagePort: bootstrap_register(): failed 1100 (0x44c) 'Permission denied', port = 0x8b37, name = 'com.apple.tsm.portname'
See /usr/include/servers/bootstrap_defs.h for the error codes.
2017-07-09 09:34:04.515 plugin-container[69971:4867948] *** CFMessagePort: bootstrap_register(): failed 1100 (0x44c) 'Permission denied', port = 0x8d1b, name = 'com.apple.CFPasteboardClient'
See /usr/include/servers/bootstrap_defs.h for the error codes.
2017-07-09 09:34:04.515 plugin-container[69971:4867948] void __CFPasteboardSetup() : Failed to allocate communication port for com.apple.CFPasteboardClient; this is likely due to sandbox restrictions
1499564044535	Marionette	DEBUG	Received DOM event "pagehide" for "about:blank"
1499564044536	Marionette	DEBUG	Received DOM event "unload" for "about:blank"
1499564044551	Marionette	DEBUG	Received DOM event "DOMContentLoaded" for "http://127.0.0.1:8000/"
1499564044585	Marionette	DEBUG	Received DOM event "pageshow" for "http://127.0.0.1:8000/"
1499564044958	Marionette	INFO	New connections will no longer be accepted
[GFX1-]: Receive IPC close with reason=AbnormalShutdown
1499564746307	geckodriver	INFO	Listening on 127.0.0.1:62140
1499564746372	geckodriver::marionette	INFO	Starting browser /Applications/Firefox.app/Contents/MacOS/firefox-bin with args ["-marionette"]
1499564748295	Marionette	INFO	Listening on port 62144
1499564748403	Marionette	WARN	TLS certificate errors will be ignored for this session
1499564748657	Marionette	DEBUG	loaded listener.js
1499564748702	Marionette	DEBUG	Received DOM event "beforeunload" for "about:blank"
2017-07-09 09:45:48.813 plugin-container[80492:4883279] *** CFMessagePort: bootstrap_register(): failed 1100 (0x44c) 'Permission denied', port = 0x8a3f, name = 'com.apple.tsm.portname'
See /usr/include/servers/bootstrap_defs.h for the error codes.
2017-07-09 09:45:48.817 plugin-container[80492:4883279] *** CFMessagePort: bootstrap_register(): failed 1100 (0x44c) 'Permission denied', port = 0x4a23, name = 'com.apple.CFPasteboardClient'
See /usr/include/servers/bootstrap_defs.h for the error codes.
2017-07-09 09:45:48.817 plugin-container[80492:4883279] void __CFPasteboardSetup() : Failed to allocate communication port for com.apple.CFPasteboardClient; this is likely due to sandbox restrictions
1499564748829	Marionette	DEBUG	Received DOM event "pagehide" for "about:blank"
1499564748830	Marionette	DEBUG	Received DOM event "unload" for "about:blank"
1499564748838	Marionette	DEBUG	Received DOM event "DOMContentLoaded" for "http://127.0.0.1:8000/"
1499564748872	Marionette	DEBUG	Received DOM event "pageshow" for "http://127.0.0.1:8000/"
1499564759268	Marionette	INFO	New connections will no longer be accepted
1499564956486	geckodriver	INFO	Listening on 127.0.0.1:62246
1499564956554	geckodriver::marionette	INFO	Starting browser /Applications/Firefox.app/Contents/MacOS/firefox-bin with args ["-marionette"]
1499564958419	Marionette	INFO	Listening on port 62250
1499564958490	Marionette	WARN	TLS certificate errors will be ignored for this session
1499564958794	Marionette	DEBUG	loaded listener.js
1499564958833	Marionette	DEBUG	Received DOM event "beforeunload" for "about:blank"
1499564958888	Marionette	DEBUG	Received DOM event "pagehide" for "about:blank"
1499564958889	Marionette	DEBUG	Received DOM event "unload" for "about:blank"
1499564958896	Marionette	DEBUG	Received DOM event "DOMContentLoaded" for "http://127.0.0.1:8000/"
1499564958942	Marionette	DEBUG	Received DOM event "pageshow" for "http://127.0.0.1:8000/"
2017-07-09 09:49:19.021 plugin-container[83705:4888406] *** CFMessagePort: bootstrap_register(): failed 1100 (0x44c) 'Permission denied', port = 0x8c3f, name = 'com.apple.tsm.portname'
See /usr/include/servers/bootstrap_defs.h for the error codes.
2017-07-09 09:49:19.028 plugin-container[83705:4888406] *** CFMessagePort: bootstrap_register(): failed 1100 (0x44c) 'Permission denied', port = 0x4d07, name = 'com.apple.CFPasteboardClient'
See /usr/include/servers/bootstrap_defs.h for the error codes.
2017-07-09 09:49:19.028 plugin-container[83705:4888406] void __CFPasteboardSetup() : Failed to allocate communication port for com.apple.CFPasteboardClient; this is likely due to sandbox restrictions
1499564969341	Marionette	INFO	New connections will no longer be accepted
1499565120920	geckodriver	INFO	Listening on 127.0.0.1:62334
1499565120994	geckodriver::marionette	INFO	Starting browser /Applications/Firefox.app/Contents/MacOS/firefox-bin with args ["-marionette"]
1499565122855	Marionette	INFO	Listening on port 62338
1499565122973	Marionette	WARN	TLS certificate errors will be ignored for this session
1499565123233	Marionette	DEBUG	loaded listener.js
1499565123307	Marionette	DEBUG	Received DOM event "beforeunload" for "about:blank"
2017-07-09 09:52:03.379 plugin-container[86172:4892585] *** CFMessagePort: bootstrap_register(): failed 1100 (0x44c) 'Permission denied', port = 0x8a3f, name = 'com.apple.tsm.portname'
See /usr/include/servers/bootstrap_defs.h for the error codes.
2017-07-09 09:52:03.386 plugin-container[86172:4892585] *** CFMessagePort: bootstrap_register(): failed 1100 (0x44c) 'Permission denied', port = 0x4b07, name = 'com.apple.CFPasteboardClient'
See /usr/include/servers/bootstrap_defs.h for the error codes.
2017-07-09 09:52:03.386 plugin-container[86172:4892585] void __CFPasteboardSetup() : Failed to allocate communication port for com.apple.CFPasteboardClient; this is likely due to sandbox restrictions
1499565123410	Marionette	DEBUG	Received DOM event "pagehide" for "about:blank"
1499565123410	Marionette	DEBUG	Received DOM event "unload" for "about:blank"
1499565123421	Marionette	DEBUG	Received DOM event "DOMContentLoaded" for "http://127.0.0.1:8000/"
1499565123449	Marionette	DEBUG	Received DOM event "pageshow" for "http://127.0.0.1:8000/"
1499565123839	Marionette	INFO	New connections will no longer be accepted
[GFX1-]: Receive IPC close with reason=AbnormalShutdown
[Child 86172] WARNING: pipe error: Broken pipe: file /builds/slave/m-rel-m64-00000000000000000000/build/src/ipc/chromium/src/chrome/common/ipc_channel_posix.cc, line 702
1499565940214	geckodriver	INFO	Listening on 127.0.0.1:62442
1499565940280	geckodriver::marionette	INFO	Starting browser /Applications/Firefox.app/Contents/MacOS/firefox-bin with args ["-marionette"]
1499565942150	Marionette	INFO	Listening on port 62446
1499565942232	Marionette	WARN	TLS certificate errors will be ignored for this session
1499565942517	Marionette	DEBUG	loaded listener.js
1499565942593	Marionette	DEBUG	Received DOM event "beforeunload" for "about:blank"
2017-07-09 10:05:42.665 plugin-container[98381:4909614] *** CFMessagePort: bootstrap_register(): failed 1100 (0x44c) 'Permission denied', port = 0x8b3f, name = 'com.apple.tsm.portname'
See /usr/include/servers/bootstrap_defs.h for the error codes.
2017-07-09 10:05:42.670 plugin-container[98381:4909614] *** CFMessagePort: bootstrap_register(): failed 1100 (0x44c) 'Permission denied', port = 0x4e07, name = 'com.apple.CFPasteboardClient'
See /usr/include/servers/bootstrap_defs.h for the error codes.
2017-07-09 10:05:42.671 plugin-container[98381:4909614] void __CFPasteboardSetup() : Failed to allocate communication port for com.apple.CFPasteboardClient; this is likely due to sandbox restrictions
1499565942696	Marionette	DEBUG	Received DOM event "pagehide" for "about:blank"
1499565942696	Marionette	DEBUG	Received DOM event "unload" for "about:blank"
1499565942704	Marionette	DEBUG	Received DOM event "DOMContentLoaded" for "http://127.0.0.1:8000/"
1499565942735	Marionette	DEBUG	Received DOM event "pageshow" for "http://127.0.0.1:8000/"
1499565943128	Marionette	INFO	New connections will no longer be accepted
[GFX1-]: Receive IPC close with reason=AbnormalShutdown
1499565984638	geckodriver	INFO	Listening on 127.0.0.1:62510
1499565984701	geckodriver::marionette	INFO	Starting browser /Applications/Firefox.app/Contents/MacOS/firefox-bin with args ["-marionette"]
1499565986556	Marionette	INFO	Listening on port 62514
1499565986622	Marionette	WARN	TLS certificate errors will be ignored for this session
1499565986938	Marionette	DEBUG	loaded listener.js
1499565986989	Marionette	DEBUG	Received DOM event "beforeunload" for "about:blank"
2017-07-09 10:06:27.099 plugin-container[99009:4911097] *** CFMessagePort: bootstrap_register(): failed 1100 (0x44c) 'Permission denied', port = 0x8b3f, name = 'com.apple.tsm.portname'
See /usr/include/servers/bootstrap_defs.h for the error codes.
2017-07-09 10:06:27.102 plugin-container[99009:4911097] *** CFMessagePort: bootstrap_register(): failed 1100 (0x44c) 'Permission denied', port = 0x4d07, name = 'com.apple.CFPasteboardClient'
See /usr/include/servers/bootstrap_defs.h for the error codes.
2017-07-09 10:06:27.102 plugin-container[99009:4911097] void __CFPasteboardSetup() : Failed to allocate communication port for com.apple.CFPasteboardClient; this is likely due to sandbox restrictions
1499565987111	Marionette	DEBUG	Received DOM event "pagehide" for "about:blank"
1499565987112	Marionette	DEBUG	Received DOM event "unload" for "about:blank"
1499565987125	Marionette	DEBUG	Received DOM event "DOMContentLoaded" for "http://127.0.0.1:8000/"
1499565987156	Marionette	DEBUG	Received DOM event "pageshow" for "http://127.0.0.1:8000/"
1499565987588	Marionette	INFO	New connections will no longer be accepted
1499566092620	geckodriver	INFO	Listening on 127.0.0.1:62579
1499566092687	geckodriver::marionette	INFO	Starting browser /Applications/Firefox.app/Contents/MacOS/firefox-bin with args ["-marionette"]
1499566094560	Marionette	INFO	Listening on port 62583
1499566094636	Marionette	WARN	TLS certificate errors will be ignored for this session
1499566094914	Marionette	DEBUG	loaded listener.js
1499566094958	Marionette	DEBUG	Received DOM event "beforeunload" for "about:blank"
1499566095019	Marionette	DEBUG	Received DOM event "pagehide" for "about:blank"
1499566095020	Marionette	DEBUG	Received DOM event "unload" for "about:blank"
1499566095030	Marionette	DEBUG	Received DOM event "DOMContentLoaded" for "http://127.0.0.1:8000/"
1499566095073	Marionette	DEBUG	Received DOM event "pageshow" for "http://127.0.0.1:8000/"
2017-07-09 10:08:15.147 plugin-container[860:4913900] *** CFMessagePort: bootstrap_register(): failed 1100 (0x44c) 'Permission denied', port = 0x8d3f, name = 'com.apple.tsm.portname'
See /usr/include/servers/bootstrap_defs.h for the error codes.
2017-07-09 10:08:15.156 plugin-container[860:4913900] *** CFMessagePort: bootstrap_register(): failed 1100 (0x44c) 'Permission denied', port = 0x4f07, name = 'com.apple.CFPasteboardClient'
See /usr/include/servers/bootstrap_defs.h for the error codes.
2017-07-09 10:08:15.156 plugin-container[860:4913900] void __CFPasteboardSetup() : Failed to allocate communication port for com.apple.CFPasteboardClient; this is likely due to sandbox restrictions
1499566095692	Marionette	INFO	New connections will no longer be accepted
[GFX1-]: Receive IPC close with reason=AbnormalShutdown
1499566171198	geckodriver	INFO	Listening on 127.0.0.1:62654
1499566171258	geckodriver::marionette	INFO	Starting browser /Applications/Firefox.app/Contents/MacOS/firefox-bin with args ["-marionette"]
1499566173129	Marionette	INFO	Listening on port 62658
1499566173256	Marionette	WARN	TLS certificate errors will be ignored for this session
1499566173469	Marionette	DEBUG	loaded listener.js
1499566173512	Marionette	DEBUG	Received DOM event "beforeunload" for "about:blank"
2017-07-09 10:09:33.618 plugin-container[2100:4916128] *** CFMessagePort: bootstrap_register(): failed 1100 (0x44c) 'Permission denied', port = 0x8e33, name = 'com.apple.tsm.portname'
See /usr/include/servers/bootstrap_defs.h for the error codes.
2017-07-09 10:09:33.623 plugin-container[2100:4916128] *** CFMessagePort: bootstrap_register(): failed 1100 (0x44c) 'Permission denied', port = 0x4c13, name = 'com.apple.CFPasteboardClient'
See /usr/include/servers/bootstrap_defs.h for the error codes.
2017-07-09 10:09:33.623 plugin-container[2100:4916128] void __CFPasteboardSetup() : Failed to allocate communication port for com.apple.CFPasteboardClient; this is likely due to sandbox restrictions
1499566173636	Marionette	DEBUG	Received DOM event "pagehide" for "about:blank"
1499566173636	Marionette	DEBUG	Received DOM event "unload" for "about:blank"
1499566173647	Marionette	DEBUG	Received DOM event "DOMContentLoaded" for "http://127.0.0.1:8000/"
1499566173673	Marionette	DEBUG	Received DOM event "pageshow" for "http://127.0.0.1:8000/"
1499566174281	Marionette	INFO	New connections will no longer be accepted
1499566316244	geckodriver	INFO	Listening on 127.0.0.1:62733
1499566316309	geckodriver::marionette	INFO	Starting browser /Applications/Firefox.app/Contents/MacOS/firefox-bin with args ["-marionette"]
1499566318167	Marionette	INFO	Listening on port 62737
1499566318234	Marionette	WARN	TLS certificate errors will be ignored for this session
1499566318503	Marionette	DEBUG	loaded listener.js
1499566318539	Marionette	DEBUG	Received DOM event "beforeunload" for "about:blank"
1499566318584	Marionette	DEBUG	Received DOM event "pagehide" for "about:blank"
1499566318584	Marionette	DEBUG	Received DOM event "unload" for "about:blank"
1499566318593	Marionette	DEBUG	Received DOM event "DOMContentLoaded" for "http://127.0.0.1:8000/"
1499566318635	Marionette	DEBUG	Received DOM event "pageshow" for "http://127.0.0.1:8000/"
2017-07-09 10:11:58.712 plugin-container[4252:4919559] *** CFMessagePort: bootstrap_register(): failed 1100 (0x44c) 'Permission denied', port = 0x8d3f, name = 'com.apple.tsm.portname'
See /usr/include/servers/bootstrap_defs.h for the error codes.
2017-07-09 10:11:58.716 plugin-container[4252:4919559] *** CFMessagePort: bootstrap_register(): failed 1100 (0x44c) 'Permission denied', port = 0x4e07, name = 'com.apple.CFPasteboardClient'
See /usr/include/servers/bootstrap_defs.h for the error codes.
2017-07-09 10:11:58.716 plugin-container[4252:4919559] void __CFPasteboardSetup() : Failed to allocate communication port for com.apple.CFPasteboardClient; this is likely due to sandbox restrictions
1499566319263	Marionette	INFO	New connections will no longer be accepted
[GFX1-]: Receive IPC close with reason=AbnormalShutdown
[Child 4252] WARNING: pipe error: Broken pipe: file /builds/slave/m-rel-m64-00000000000000000000/build/src/ipc/chromium/src/chrome/common/ipc_channel_posix.cc, line 702
1499567708445	geckodriver	INFO	Listening on 127.0.0.1:62838
1499567708522	geckodriver::marionette	INFO	Starting browser /Applications/Firefox.app/Contents/MacOS/firefox-bin with args ["-marionette"]
1499567710382	Marionette	INFO	Listening on port 62842
1499567710456	Marionette	WARN	TLS certificate errors will be ignored for this session
1499567710733	Marionette	DEBUG	loaded listener.js
1499567710775	Marionette	DEBUG	Received DOM event "beforeunload" for "about:blank"
1499567710821	Marionette	DEBUG	Received DOM event "pagehide" for "about:blank"
1499567710821	Marionette	DEBUG	Received DOM event "unload" for "about:blank"
1499567710828	Marionette	DEBUG	Received DOM event "DOMContentLoaded" for "http://127.0.0.1:8000/"
1499567710859	Marionette	DEBUG	Received DOM event "pageshow" for "http://127.0.0.1:8000/"
2017-07-09 10:35:10.939 plugin-container[25049:4947769] *** CFMessagePort: bootstrap_register(): failed 1100 (0x44c) 'Permission denied', port = 0x8c3f, name = 'com.apple.tsm.portname'
See /usr/include/servers/bootstrap_defs.h for the error codes.
2017-07-09 10:35:10.946 plugin-container[25049:4947769] *** CFMessagePort: bootstrap_register(): failed 1100 (0x44c) 'Permission denied', port = 0x4d07, name = 'com.apple.CFPasteboardClient'
See /usr/include/servers/bootstrap_defs.h for the error codes.
2017-07-09 10:35:10.947 plugin-container[25049:4947769] void __CFPasteboardSetup() : Failed to allocate communication port for com.apple.CFPasteboardClient; this is likely due to sandbox restrictions
1499567711338	Marionette	INFO	New connections will no longer be accepted
1499567781388	geckodriver	INFO	Listening on 127.0.0.1:62903
1499567781465	geckodriver::marionette	INFO	Starting browser /Applications/Firefox.app/Contents/MacOS/firefox-bin with args ["-marionette"]
1499567783392	Marionette	INFO	Listening on port 62907
1499567783498	Marionette	WARN	TLS certificate errors will be ignored for this session
1499567783739	Marionette	DEBUG	loaded listener.js
1499567783778	Marionette	DEBUG	Received DOM event "beforeunload" for "about:blank"
1499567783821	Marionette	DEBUG	Received DOM event "pagehide" for "about:blank"
1499567783822	Marionette	DEBUG	Received DOM event "unload" for "about:blank"
1499567783828	Marionette	DEBUG	Received DOM event "DOMContentLoaded" for "http://127.0.0.1:8000/"
1499567783870	Marionette	DEBUG	Received DOM event "pageshow" for "http://127.0.0.1:8000/"
2017-07-09 10:36:23.943 plugin-container[26130:4949758] *** CFMessagePort: bootstrap_register(): failed 1100 (0x44c) 'Permission denied', port = 0x8c3f, name = 'com.apple.tsm.portname'
See /usr/include/servers/bootstrap_defs.h for the error codes.
2017-07-09 10:36:23.950 plugin-container[26130:4949758] *** CFMessagePort: bootstrap_register(): failed 1100 (0x44c) 'Permission denied', port = 0x4d07, name = 'com.apple.CFPasteboardClient'
See /usr/include/servers/bootstrap_defs.h for the error codes.
2017-07-09 10:36:23.950 plugin-container[26130:4949758] void __CFPasteboardSetup() : Failed to allocate communication port for com.apple.CFPasteboardClient; this is likely due to sandbox restrictions
1499567784499	Marionette	INFO	New connections will no longer be accepted
